<?xml version="1.0" encoding="UTF-8"?><testsuite failures="4" name="cucumber.runtime.formatter.JUnitFormatter" skipped="0" tests="5" time="104.314956">
<testcase classname="Free CRM Login Feature" name="Free CRM Create New Contact Test Scenario" time="34.028583">
<failure message="org.openqa.selenium.NoSuchWindowException: no such window: target window already closed&#10;from unknown error: web view not found&#10;  (Session info: chrome=64.0.3282.140)&#10;  (Driver info: chromedriver=2.34.522932 (4140ab217e1ca1bec0c4b4d1b148f3361eb3a03e),platform=Mac OS X 10.12.6 x86_64) (WARNING: The server did not provide any stacktrace information)&#10;Command duration or timeout: 0 milliseconds&#10;Build info: version: '3.5.3', revision: 'a88d25fe6b', time: '2017-08-29T12:42:44.417Z'&#10;System info: host: 'macs-MacBook-Pro-6.local', ip: '172.16.20.20', os.name: 'Mac OS X', os.arch: 'x86_64', os.version: '10.12.6', java.version: '1.8.0_91'&#10;Driver info: org.openqa.selenium.chrome.ChromeDriver&#10;Capabilities [{mobileEmulationEnabled=false, hasTouchScreen=false, platform=MAC, acceptSslCerts=true, webStorageEnabled=true, browserName=chrome, takesScreenshot=true, javascriptEnabled=true, platformName=MAC, setWindowRect=true, unexpectedAlertBehaviour=, applicationCacheEnabled=false, rotatable=false, networkConnectionEnabled=false, chrome={chromedriverVersion=2.34.522932 (4140ab217e1ca1bec0c4b4d1b148f3361eb3a03e), userDataDir=/var/folders/y4/xrh8n75x10j7rd0ckhzhhn0m0000gn/T/.org.chromium.Chromium.ej2Vly}, takesHeapSnapshot=true, pageLoadStrategy=normal, unhandledPromptBehavior=, databaseEnabled=false, handlesAlerts=true, version=64.0.3282.140, browserConnectionEnabled=false, nativeEvents=true, locationContextEnabled=true, cssSelectorsEnabled=true}]&#10;Session ID: 77c578c9a0da6d90b20197ca0b957084&#10;*** Element info: {Using=css selector, value=frame#mainpanel,iframe#mainpanel}&#10;&#9;at sun.reflect.NativeConstructorAccessorImpl.newInstance0(Native Method)&#10;&#9;at sun.reflect.NativeConstructorAccessorImpl.newInstance(NativeConstructorAccessorImpl.java:62)&#10;&#9;at sun.reflect.DelegatingConstructorAccessorImpl.newInstance(DelegatingConstructorAccessorImpl.java:45)&#10;&#9;at java.lang.reflect.Constructor.newInstance(Constructor.java:423)&#10;&#9;at org.openqa.selenium.remote.ErrorHandler.createThrowable(ErrorHandler.java:215)&#10;&#9;at org.openqa.selenium.remote.ErrorHandler.throwIfResponseFailed(ErrorHandler.java:167)&#10;&#9;at org.openqa.selenium.remote.http.JsonHttpResponseCodec.reconstructValue(JsonHttpResponseCodec.java:40)&#10;&#9;at org.openqa.selenium.remote.http.AbstractHttpResponseCodec.decode(AbstractHttpResponseCodec.java:82)&#10;&#9;at org.openqa.selenium.remote.http.AbstractHttpResponseCodec.decode(AbstractHttpResponseCodec.java:45)&#10;&#9;at org.openqa.selenium.remote.HttpCommandExecutor.execute(HttpCommandExecutor.java:164)&#10;&#9;at org.openqa.selenium.remote.service.DriverCommandExecutor.execute(DriverCommandExecutor.java:82)&#10;&#9;at org.openqa.selenium.remote.RemoteWebDriver.execute(RemoteWebDriver.java:646)&#10;&#9;at org.openqa.selenium.remote.RemoteWebDriver.findElements(RemoteWebDriver.java:443)&#10;&#9;at org.openqa.selenium.remote.RemoteWebDriver.findElementsByCssSelector(RemoteWebDriver.java:514)&#10;&#9;at org.openqa.selenium.By$ByCssSelector.findElements(By.java:441)&#10;&#9;at org.openqa.selenium.remote.RemoteWebDriver.findElements(RemoteWebDriver.java:404)&#10;&#9;at org.openqa.selenium.remote.RemoteWebDriver$RemoteTargetLocator.frame(RemoteWebDriver.java:978)&#10;&#9;at stepDefinitions.ContactsStepDefinition.user_moves_to_new_contact_page(ContactsStepDefinition.java:34)&#10;&#9;at ✽.When user moves to new contact page(contacts.feature:12)&#10;"><![CDATA[Given user is already on Login Page.........................................passed
Then title of login page is Free CRM........................................passed
When user enters "naveenk" and "test@123"...................................passed
And user clicks on login button.............................................passed
Then user is on home page...................................................passed
When user moves to new contact page.........................................failed
And user enters contact details "Tom" and "Peter" and "Manager".............skipped
And click on save button....................................................skipped
Then user close the browser.................................................skipped

StackTrace:
org.openqa.selenium.NoSuchWindowException: no such window: target window already closed
from unknown error: web view not found
  (Session info: chrome=64.0.3282.140)
  (Driver info: chromedriver=2.34.522932 (4140ab217e1ca1bec0c4b4d1b148f3361eb3a03e),platform=Mac OS X 10.12.6 x86_64) (WARNING: The server did not provide any stacktrace information)
Command duration or timeout: 0 milliseconds
Build info: version: '3.5.3', revision: 'a88d25fe6b', time: '2017-08-29T12:42:44.417Z'
System info: host: 'macs-MacBook-Pro-6.local', ip: '172.16.20.20', os.name: 'Mac OS X', os.arch: 'x86_64', os.version: '10.12.6', java.version: '1.8.0_91'
Driver info: org.openqa.selenium.chrome.ChromeDriver
Capabilities [{mobileEmulationEnabled=false, hasTouchScreen=false, platform=MAC, acceptSslCerts=true, webStorageEnabled=true, browserName=chrome, takesScreenshot=true, javascriptEnabled=true, platformName=MAC, setWindowRect=true, unexpectedAlertBehaviour=, applicationCacheEnabled=false, rotatable=false, networkConnectionEnabled=false, chrome={chromedriverVersion=2.34.522932 (4140ab217e1ca1bec0c4b4d1b148f3361eb3a03e), userDataDir=/var/folders/y4/xrh8n75x10j7rd0ckhzhhn0m0000gn/T/.org.chromium.Chromium.ej2Vly}, takesHeapSnapshot=true, pageLoadStrategy=normal, unhandledPromptBehavior=, databaseEnabled=false, handlesAlerts=true, version=64.0.3282.140, browserConnectionEnabled=false, nativeEvents=true, locationContextEnabled=true, cssSelectorsEnabled=true}]
Session ID: 77c578c9a0da6d90b20197ca0b957084
*** Element info: {Using=css selector, value=frame#mainpanel,iframe#mainpanel}
	at sun.reflect.NativeConstructorAccessorImpl.newInstance0(Native Method)
	at sun.reflect.NativeConstructorAccessorImpl.newInstance(NativeConstructorAccessorImpl.java:62)
	at sun.reflect.DelegatingConstructorAccessorImpl.newInstance(DelegatingConstructorAccessorImpl.java:45)
	at java.lang.reflect.Constructor.newInstance(Constructor.java:423)
	at org.openqa.selenium.remote.ErrorHandler.createThrowable(ErrorHandler.java:215)
	at org.openqa.selenium.remote.ErrorHandler.throwIfResponseFailed(ErrorHandler.java:167)
	at org.openqa.selenium.remote.http.JsonHttpResponseCodec.reconstructValue(JsonHttpResponseCodec.java:40)
	at org.openqa.selenium.remote.http.AbstractHttpResponseCodec.decode(AbstractHttpResponseCodec.java:82)
	at org.openqa.selenium.remote.http.AbstractHttpResponseCodec.decode(AbstractHttpResponseCodec.java:45)
	at org.openqa.selenium.remote.HttpCommandExecutor.execute(HttpCommandExecutor.java:164)
	at org.openqa.selenium.remote.service.DriverCommandExecutor.execute(DriverCommandExecutor.java:82)
	at org.openqa.selenium.remote.RemoteWebDriver.execute(RemoteWebDriver.java:646)
	at org.openqa.selenium.remote.RemoteWebDriver.findElements(RemoteWebDriver.java:443)
	at org.openqa.selenium.remote.RemoteWebDriver.findElementsByCssSelector(RemoteWebDriver.java:514)
	at org.openqa.selenium.By$ByCssSelector.findElements(By.java:441)
	at org.openqa.selenium.remote.RemoteWebDriver.findElements(RemoteWebDriver.java:404)
	at org.openqa.selenium.remote.RemoteWebDriver$RemoteTargetLocator.frame(RemoteWebDriver.java:978)
	at stepDefinitions.ContactsStepDefinition.user_moves_to_new_contact_page(ContactsStepDefinition.java:34)
	at ✽.When user moves to new contact page(contacts.feature:12)
]]></failure>
</testcase>
<testcase classname="Free CRM Login Feature" name="Free CRM Create New Contact Test Scenario 2" time="64.413337">
<failure message="org.openqa.selenium.NoSuchFrameException: No frame element found by name or id mainpanel&#10;Build info: version: '3.5.3', revision: 'a88d25fe6b', time: '2017-08-29T12:42:44.417Z'&#10;System info: host: 'macs-MacBook-Pro-6.local', ip: '172.16.20.20', os.name: 'Mac OS X', os.arch: 'x86_64', os.version: '10.12.6', java.version: '1.8.0_91'&#10;Driver info: driver.version: unknown&#10;&#9;at org.openqa.selenium.remote.RemoteWebDriver$RemoteTargetLocator.frame(RemoteWebDriver.java:982)&#10;&#9;at stepDefinitions.ContactsStepDefinition.user_moves_to_new_contact_page(ContactsStepDefinition.java:34)&#10;&#9;at ✽.When user moves to new contact page(contacts.feature:12)&#10;"><![CDATA[Given user is already on Login Page.........................................passed
Then title of login page is Free CRM........................................passed
When user enters "naveenk" and "test@123"...................................passed
And user clicks on login button.............................................passed
Then user is on home page...................................................passed
When user moves to new contact page.........................................failed
And user enters contact details "David" and "Dsouza" and "Director".........skipped
And click on save button....................................................skipped
Then user close the browser.................................................skipped

StackTrace:
org.openqa.selenium.NoSuchFrameException: No frame element found by name or id mainpanel
Build info: version: '3.5.3', revision: 'a88d25fe6b', time: '2017-08-29T12:42:44.417Z'
System info: host: 'macs-MacBook-Pro-6.local', ip: '172.16.20.20', os.name: 'Mac OS X', os.arch: 'x86_64', os.version: '10.12.6', java.version: '1.8.0_91'
Driver info: driver.version: unknown
	at org.openqa.selenium.remote.RemoteWebDriver$RemoteTargetLocator.frame(RemoteWebDriver.java:982)
	at stepDefinitions.ContactsStepDefinition.user_moves_to_new_contact_page(ContactsStepDefinition.java:34)
	at ✽.When user moves to new contact page(contacts.feature:12)
]]></failure>
</testcase>
<testcase classname="Free CRM app Test" name="Free CRM Create New Deal Test" time="0.888454">
<failure message="The scenario has pending or undefined step(s)"><![CDATA[Given user is on deal page..................................................undefined
When user fills the new deals form..........................................undefined
And user click on the save button...........................................undefined
Then new deal created.......................................................undefined
]]></failure>
</testcase>
<testcase classname="Free CRM app Test" name="Free CRM Create New Contact Test" time="0.838105">
<failure message="The scenario has pending or undefined step(s)"><![CDATA[Given user is on contact page...............................................undefined
When user fills the new contact from........................................undefined
And user click on the save button...........................................undefined
Then new contact created....................................................undefined
]]></failure>
</testcase>
<testcase classname="Free CRM Login Feature" name="Free CRM Login Test Scenario" time="4.146477">
<system-out><![CDATA[Given user is already on Login Page.........................................passed
Then title of login page is Free CRM........................................passed
When user enters "naveenk" and "test@123"...................................passed
And user clicks on login button.............................................passed
Then user is on home page...................................................passed
Then user close the browser.................................................passed
]]></system-out>
</testcase>
</testsuite>
